modules/device-sms/android/build/intermediates/manifest_merge_blame_file/debug/processDebugManifest/manifest-merger-blame-debug-report.txt
1<?xml version="1.0" encoding="utf-8"?>
2<!--
3  The xmlns declaration is load-bearing. The generated scaffold was a bare
4  `<manifest></manifest>`, which is valid precisely because it has no
5  namespaced attributes; adding `android:name` below without declaring the
6  prefix makes the manifest merger fail, and it fails during the app's merge
7  rather than this module's build — so the module still compiles clean on its
8  own and only a full build catches it.
9-->
10<manifest xmlns:android="http://schemas.android.com/apk/res/android"
11    package="expo.modules.devicesms" >
12
13    <uses-sdk android:minSdkVersion="24" />
14    <!--
15    Declared by the module rather than the app so the permission travels with
16    the code that needs it.
17
18    Note for anyone reading this before a Play submission: SEND_SMS is a
19    restricted permission. Google only grants it to apps whose core purpose is
20    handling SMS, and a class-management app is not that. This is fine for the
21    APK teachers install directly; it would not survive Play review.
22    -->
23    <uses-permission android:name="android.permission.SEND_SMS" />
23-->src/main/AndroidManifest.xml:19:3-65
23-->src/main/AndroidManifest.xml:19:20-62
24
25    <!--
26    Not required, so the app still installs on a tablet with no radio. The
27    module reports `isAvailable() === false` there and the UI hides the option.
28    -->
29    <uses-feature
29-->src/main/AndroidManifest.xml:25:3-86
30        android:name="android.hardware.telephony"
30-->src/main/AndroidManifest.xml:25:17-58
31        android:required="false" />
31-->src/main/AndroidManifest.xml:25:59-83
32
33</manifest>